D:\PETER_MINH\KIST_ROBOTICS_DYNAMIC\ODE_SEVEN_LINKS_BIPED\ADD INERTIA MODEL\BIPED_WALKING_JW_UPDATESWING_0317\BIPED_WALKING\DEBUG\BIPED_WALKING.EXE.EMBED.MANIFEST
D:\PETER_MINH\KIST_ROBOTICS_DYNAMIC\ODE_SEVEN_LINKS_BIPED\ADD INERTIA MODEL\BIPED_WALKING_JW_UPDATESWING_0317\BIPED_WALKING\DEBUG\BIPED_WALKING.EXE.EMBED.MANIFEST.RES
D:\PETER_MINH\KIST_ROBOTICS_DYNAMIC\ODE_SEVEN_LINKS_BIPED\ADD INERTIA MODEL\BIPED_WALKING_JW_UPDATESWING_0317\BIPED_WALKING\DEBUG\BIPED_WALKING.EXE.INTERMEDIATE.MANIFEST
D:\Peter_Minh\KIST_robotics_dynamic\ODE_seven_links_biped\Add Inertia Model\biped_walking_JW_updateswing_0317\biped_walking\Debug\biped_walking.write.1.tlog
D:\Peter_Minh\KIST_robotics_dynamic\ODE_seven_links_biped\Add Inertia Model\biped_walking_JW_updateswing_0317\biped_walking\Debug\biped_walking_manifest.rc
D:\Peter_Minh\KIST_robotics_dynamic\ODE_seven_links_biped\Add Inertia Model\biped_walking_JW_updateswing_0317\biped_walking\Debug\cl.command.1.tlog
D:\Peter_Minh\KIST_robotics_dynamic\ODE_seven_links_biped\Add Inertia Model\biped_walking_JW_updateswing_0317\biped_walking\Debug\CL.read.1.tlog
D:\Peter_Minh\KIST_robotics_dynamic\ODE_seven_links_biped\Add Inertia Model\biped_walking_JW_updateswing_0317\biped_walking\Debug\CL.write.1.tlog
D:\Peter_Minh\KIST_robotics_dynamic\ODE_seven_links_biped\Add Inertia Model\biped_walking_JW_updateswing_0317\biped_walking\Debug\link.command.1.tlog
D:\Peter_Minh\KIST_robotics_dynamic\ODE_seven_links_biped\Add Inertia Model\biped_walking_JW_updateswing_0317\biped_walking\Debug\link.read.1.tlog
D:\Peter_Minh\KIST_robotics_dynamic\ODE_seven_links_biped\Add Inertia Model\biped_walking_JW_updateswing_0317\biped_walking\Debug\link.read.2.tlog
D:\Peter_Minh\KIST_robotics_dynamic\ODE_seven_links_biped\Add Inertia Model\biped_walking_JW_updateswing_0317\biped_walking\Debug\link.write.1.tlog
D:\Peter_Minh\KIST_robotics_dynamic\ODE_seven_links_biped\Add Inertia Model\biped_walking_JW_updateswing_0317\biped_walking\Debug\link-cvtres.read.1.tlog
D:\Peter_Minh\KIST_robotics_dynamic\ODE_seven_links_biped\Add Inertia Model\biped_walking_JW_updateswing_0317\biped_walking\Debug\link-cvtres.write.1.tlog
D:\PETER_MINH\KIST_ROBOTICS_DYNAMIC\ODE_SEVEN_LINKS_BIPED\ADD INERTIA MODEL\BIPED_WALKING_JW_UPDATESWING_0317\BIPED_WALKING\DEBUG\MAIN.OBJ
D:\Peter_Minh\KIST_robotics_dynamic\ODE_seven_links_biped\Add Inertia Model\biped_walking_JW_updateswing_0317\biped_walking\Debug\mt.command.1.tlog
D:\Peter_Minh\KIST_robotics_dynamic\ODE_seven_links_biped\Add Inertia Model\biped_walking_JW_updateswing_0317\biped_walking\Debug\mt.read.1.tlog
D:\Peter_Minh\KIST_robotics_dynamic\ODE_seven_links_biped\Add Inertia Model\biped_walking_JW_updateswing_0317\biped_walking\Debug\mt.write.1.tlog
D:\Peter_Minh\KIST_robotics_dynamic\ODE_seven_links_biped\Add Inertia Model\biped_walking_JW_updateswing_0317\biped_walking\Debug\rc.command.1.tlog
D:\Peter_Minh\KIST_robotics_dynamic\ODE_seven_links_biped\Add Inertia Model\biped_walking_JW_updateswing_0317\biped_walking\Debug\rc.read.1.tlog
D:\Peter_Minh\KIST_robotics_dynamic\ODE_seven_links_biped\Add Inertia Model\biped_walking_JW_updateswing_0317\biped_walking\Debug\rc.write.1.tlog
D:\PETER_MINH\KIST_ROBOTICS_DYNAMIC\ODE_SEVEN_LINKS_BIPED\ADD INERTIA MODEL\BIPED_WALKING_JW_UPDATESWING_0317\BIPED_WALKING\DEBUG\RESOURCES.RES
D:\Peter_Minh\KIST_robotics_dynamic\ODE_seven_links_biped\Add Inertia Model\biped_walking_JW_updateswing_0317\biped_walking\Debug\vc100.idb
D:\PETER_MINH\KIST_ROBOTICS_DYNAMIC\ODE_SEVEN_LINKS_BIPED\ADD INERTIA MODEL\BIPED_WALKING_JW_UPDATESWING_0317\BIPED_WALKING\DEBUG\VC100.PDB
D:\PETER_MINH\KIST_ROBOTICS_DYNAMIC\ODE_SEVEN_LINKS_BIPED\ADD INERTIA MODEL\BIPED_WALKING_JW_UPDATESWING_0317\DEBUG\BIPED_WALKING.EXE
D:\PETER_MINH\KIST_ROBOTICS_DYNAMIC\ODE_SEVEN_LINKS_BIPED\ADD INERTIA MODEL\BIPED_WALKING_JW_UPDATESWING_0317\DEBUG\BIPED_WALKING.ILK
D:\PETER_MINH\KIST_ROBOTICS_DYNAMIC\ODE_SEVEN_LINKS_BIPED\ADD INERTIA MODEL\BIPED_WALKING_JW_UPDATESWING_0317\DEBUG\BIPED_WALKING.PDB
