D:\Peter_Minh\KIST_robotics_dynamic\ODE_seven_links_biped\Add Inertia Model\biped_walking_JW_updateswing_0317\Debug\Five_links_walking.pdb
D:\Peter_Minh\KIST_robotics_dynamic\ODE_seven_links_biped\Add Inertia Model\biped_walking_JW_updateswing_0317\Five_links_walking\Debug\cl.command.1.tlog
D:\Peter_Minh\KIST_robotics_dynamic\ODE_seven_links_biped\Add Inertia Model\biped_walking_JW_updateswing_0317\Five_links_walking\Debug\CL.read.1.tlog
D:\Peter_Minh\KIST_robotics_dynamic\ODE_seven_links_biped\Add Inertia Model\biped_walking_JW_updateswing_0317\Five_links_walking\Debug\CL.write.1.tlog
D:\Peter_Minh\KIST_robotics_dynamic\ODE_seven_links_biped\Add Inertia Model\biped_walking_JW_updateswing_0317\Five_links_walking\Debug\Five_links_walking.exe.embed.manifest
D:\PETER_MINH\KIST_ROBOTICS_DYNAMIC\ODE_SEVEN_LINKS_BIPED\ADD INERTIA MODEL\BIPED_WALKING_JW_UPDATESWING_0317\FIVE_LINKS_WALKING\DEBUG\FIVE_LINKS_WALKING.EXE.EMBED.MANIFEST.RES
D:\Peter_Minh\KIST_robotics_dynamic\ODE_seven_links_biped\Add Inertia Model\biped_walking_JW_updateswing_0317\Five_links_walking\Debug\Five_links_walking.exe.intermediate.manifest
D:\Peter_Minh\KIST_robotics_dynamic\ODE_seven_links_biped\Add Inertia Model\biped_walking_JW_updateswing_0317\Five_links_walking\Debug\Five_links_walking.write.1.tlog
D:\Peter_Minh\KIST_robotics_dynamic\ODE_seven_links_biped\Add Inertia Model\biped_walking_JW_updateswing_0317\Five_links_walking\Debug\Five_links_walking_manifest.rc
D:\Peter_Minh\KIST_robotics_dynamic\ODE_seven_links_biped\Add Inertia Model\biped_walking_JW_updateswing_0317\Five_links_walking\Debug\link.command.1.tlog
D:\Peter_Minh\KIST_robotics_dynamic\ODE_seven_links_biped\Add Inertia Model\biped_walking_JW_updateswing_0317\Five_links_walking\Debug\link.read.1.tlog
D:\Peter_Minh\KIST_robotics_dynamic\ODE_seven_links_biped\Add Inertia Model\biped_walking_JW_updateswing_0317\Five_links_walking\Debug\link.write.1.tlog
D:\Peter_Minh\KIST_robotics_dynamic\ODE_seven_links_biped\Add Inertia Model\biped_walking_JW_updateswing_0317\Five_links_walking\Debug\link-cvtres.read.1.tlog
D:\Peter_Minh\KIST_robotics_dynamic\ODE_seven_links_biped\Add Inertia Model\biped_walking_JW_updateswing_0317\Five_links_walking\Debug\link-cvtres.write.1.tlog
D:\PETER_MINH\KIST_ROBOTICS_DYNAMIC\ODE_SEVEN_LINKS_BIPED\ADD INERTIA MODEL\BIPED_WALKING_JW_UPDATESWING_0317\FIVE_LINKS_WALKING\DEBUG\MAIN_VPP_CONTROL.OBJ
D:\Peter_Minh\KIST_robotics_dynamic\ODE_seven_links_biped\Add Inertia Model\biped_walking_JW_updateswing_0317\Five_links_walking\Debug\rc.command.1.tlog
D:\Peter_Minh\KIST_robotics_dynamic\ODE_seven_links_biped\Add Inertia Model\biped_walking_JW_updateswing_0317\Five_links_walking\Debug\rc.read.1.tlog
D:\Peter_Minh\KIST_robotics_dynamic\ODE_seven_links_biped\Add Inertia Model\biped_walking_JW_updateswing_0317\Five_links_walking\Debug\rc.write.1.tlog
D:\PETER_MINH\KIST_ROBOTICS_DYNAMIC\ODE_SEVEN_LINKS_BIPED\ADD INERTIA MODEL\BIPED_WALKING_JW_UPDATESWING_0317\FIVE_LINKS_WALKING\DEBUG\RESOURCES.RES
D:\PETER_MINH\KIST_ROBOTICS_DYNAMIC\ODE_SEVEN_LINKS_BIPED\ADD INERTIA MODEL\BIPED_WALKING_JW_UPDATESWING_0317\FIVE_LINKS_WALKING\DEBUG\SUPPORT.OBJ
D:\Peter_Minh\KIST_robotics_dynamic\ODE_seven_links_biped\Add Inertia Model\biped_walking_JW_updateswing_0317\Five_links_walking\Debug\vc100.idb
D:\PETER_MINH\KIST_ROBOTICS_DYNAMIC\ODE_SEVEN_LINKS_BIPED\ADD INERTIA MODEL\BIPED_WALKING_JW_UPDATESWING_0317\FIVE_LINKS_WALKING\DEBUG\VC100.PDB
