D:\PETER_MINH\KIST_ROBOTICS_DYNAMIC\ODE_SEVEN_LINKS_BIPED\ADD INERTIA MODEL\BIPED_WALKING_JW_UPDATESWING_0317\BTSLIP\DEBUG\BTSLIP.EXE.EMBED.MANIFEST
D:\PETER_MINH\KIST_ROBOTICS_DYNAMIC\ODE_SEVEN_LINKS_BIPED\ADD INERTIA MODEL\BIPED_WALKING_JW_UPDATESWING_0317\BTSLIP\DEBUG\BTSLIP.EXE.EMBED.MANIFEST.RES
D:\PETER_MINH\KIST_ROBOTICS_DYNAMIC\ODE_SEVEN_LINKS_BIPED\ADD INERTIA MODEL\BIPED_WALKING_JW_UPDATESWING_0317\BTSLIP\DEBUG\BTSLIP.EXE.INTERMEDIATE.MANIFEST
D:\Peter_Minh\KIST_robotics_dynamic\ODE_seven_links_biped\Add Inertia Model\biped_walking_JW_updateswing_0317\BTSLIP\Debug\BTSLIP.write.1.tlog
D:\Peter_Minh\KIST_robotics_dynamic\ODE_seven_links_biped\Add Inertia Model\biped_walking_JW_updateswing_0317\BTSLIP\Debug\BTSLIP_manifest.rc
D:\Peter_Minh\KIST_robotics_dynamic\ODE_seven_links_biped\Add Inertia Model\biped_walking_JW_updateswing_0317\BTSLIP\Debug\cl.command.1.tlog
D:\Peter_Minh\KIST_robotics_dynamic\ODE_seven_links_biped\Add Inertia Model\biped_walking_JW_updateswing_0317\BTSLIP\Debug\CL.read.1.tlog
D:\Peter_Minh\KIST_robotics_dynamic\ODE_seven_links_biped\Add Inertia Model\biped_walking_JW_updateswing_0317\BTSLIP\Debug\CL.write.1.tlog
D:\Peter_Minh\KIST_robotics_dynamic\ODE_seven_links_biped\Add Inertia Model\biped_walking_JW_updateswing_0317\BTSLIP\Debug\link.12776.read.1.tlog
D:\Peter_Minh\KIST_robotics_dynamic\ODE_seven_links_biped\Add Inertia Model\biped_walking_JW_updateswing_0317\BTSLIP\Debug\link.12776.read.2.tlog
D:\Peter_Minh\KIST_robotics_dynamic\ODE_seven_links_biped\Add Inertia Model\biped_walking_JW_updateswing_0317\BTSLIP\Debug\link.12776.write.1.tlog
D:\Peter_Minh\KIST_robotics_dynamic\ODE_seven_links_biped\Add Inertia Model\biped_walking_JW_updateswing_0317\BTSLIP\Debug\link.12776-cvtres.read.1.tlog
D:\Peter_Minh\KIST_robotics_dynamic\ODE_seven_links_biped\Add Inertia Model\biped_walking_JW_updateswing_0317\BTSLIP\Debug\link.12776-cvtres.write.1.tlog
D:\Peter_Minh\KIST_robotics_dynamic\ODE_seven_links_biped\Add Inertia Model\biped_walking_JW_updateswing_0317\BTSLIP\Debug\link.command.1.tlog
D:\Peter_Minh\KIST_robotics_dynamic\ODE_seven_links_biped\Add Inertia Model\biped_walking_JW_updateswing_0317\BTSLIP\Debug\link.read.1.tlog
D:\Peter_Minh\KIST_robotics_dynamic\ODE_seven_links_biped\Add Inertia Model\biped_walking_JW_updateswing_0317\BTSLIP\Debug\link.read.2.tlog
D:\Peter_Minh\KIST_robotics_dynamic\ODE_seven_links_biped\Add Inertia Model\biped_walking_JW_updateswing_0317\BTSLIP\Debug\link.write.1.tlog
D:\Peter_Minh\KIST_robotics_dynamic\ODE_seven_links_biped\Add Inertia Model\biped_walking_JW_updateswing_0317\BTSLIP\Debug\link-cvtres.read.1.tlog
D:\Peter_Minh\KIST_robotics_dynamic\ODE_seven_links_biped\Add Inertia Model\biped_walking_JW_updateswing_0317\BTSLIP\Debug\link-cvtres.write.1.tlog
D:\PETER_MINH\KIST_ROBOTICS_DYNAMIC\ODE_SEVEN_LINKS_BIPED\ADD INERTIA MODEL\BIPED_WALKING_JW_UPDATESWING_0317\BTSLIP\DEBUG\MAINBTSLIP.OBJ
D:\Peter_Minh\KIST_robotics_dynamic\ODE_seven_links_biped\Add Inertia Model\biped_walking_JW_updateswing_0317\BTSLIP\Debug\mt.command.1.tlog
D:\Peter_Minh\KIST_robotics_dynamic\ODE_seven_links_biped\Add Inertia Model\biped_walking_JW_updateswing_0317\BTSLIP\Debug\mt.read.1.tlog
D:\Peter_Minh\KIST_robotics_dynamic\ODE_seven_links_biped\Add Inertia Model\biped_walking_JW_updateswing_0317\BTSLIP\Debug\mt.write.1.tlog
D:\Peter_Minh\KIST_robotics_dynamic\ODE_seven_links_biped\Add Inertia Model\biped_walking_JW_updateswing_0317\BTSLIP\Debug\rc.command.1.tlog
D:\Peter_Minh\KIST_robotics_dynamic\ODE_seven_links_biped\Add Inertia Model\biped_walking_JW_updateswing_0317\BTSLIP\Debug\rc.read.1.tlog
D:\Peter_Minh\KIST_robotics_dynamic\ODE_seven_links_biped\Add Inertia Model\biped_walking_JW_updateswing_0317\BTSLIP\Debug\rc.write.1.tlog
D:\PETER_MINH\KIST_ROBOTICS_DYNAMIC\ODE_SEVEN_LINKS_BIPED\ADD INERTIA MODEL\BIPED_WALKING_JW_UPDATESWING_0317\BTSLIP\DEBUG\RESOURCES.RES
D:\Peter_Minh\KIST_robotics_dynamic\ODE_seven_links_biped\Add Inertia Model\biped_walking_JW_updateswing_0317\BTSLIP\Debug\vc100.idb
D:\PETER_MINH\KIST_ROBOTICS_DYNAMIC\ODE_SEVEN_LINKS_BIPED\ADD INERTIA MODEL\BIPED_WALKING_JW_UPDATESWING_0317\BTSLIP\DEBUG\VC100.PDB
D:\PETER_MINH\KIST_ROBOTICS_DYNAMIC\ODE_SEVEN_LINKS_BIPED\ADD INERTIA MODEL\BIPED_WALKING_JW_UPDATESWING_0317\DEBUG\BTSLIP.EXE
D:\PETER_MINH\KIST_ROBOTICS_DYNAMIC\ODE_SEVEN_LINKS_BIPED\ADD INERTIA MODEL\BIPED_WALKING_JW_UPDATESWING_0317\DEBUG\BTSLIP.ILK
D:\PETER_MINH\KIST_ROBOTICS_DYNAMIC\ODE_SEVEN_LINKS_BIPED\ADD INERTIA MODEL\BIPED_WALKING_JW_UPDATESWING_0317\DEBUG\BTSLIP.PDB
